CRITICAL - 2024-12-06 07:36:38 --> ErrorException: Undefined array key "image_name"
[Method: POST, Route: register/create]
in APPPATH\Controllers\RegisterController.php on line 25.
 1 APPPATH\Controllers\RegisterController.php(25): CodeIgniter\Debug\Exceptions->errorHandler(2, 'Undefined array key "image_name"', 'C:\\xampp\\htdocs\\komal\\Codeigniter\\Regitration\\app\\Controllers\\RegisterController.php', 25)
 2 SYSTEMPATH\CodeIgniter.php(933): App\Controllers\RegisterController->create()
 3 SYSTEMPATH\CodeIgniter.php(509): CodeIgniter\CodeIgniter->runController(Object(App\Controllers\RegisterController))
 4 SYSTEMPATH\CodeIgniter.php(355): CodeIgniter\CodeIgniter->handleRequest(null, Object(Config\Cache), false)
 5 SYSTEMPATH\Boot.php(325): CodeIgniter\CodeIgniter->run()
 6 SYSTEMPATH\Boot.php(67): CodeIgniter\Boot::runCodeIgniter(Object(CodeIgniter\CodeIgniter))
 7 FCPATH\index.php(56): CodeIgniter\Boot::bootWeb(Object(Config\Paths))
 8 SYSTEMPATH\rewrite.php(44): require_once('C:\\xampp\\htdocs\\komal\\Codeigniter\\Regitration\\public\\index.php')
CRITICAL - 2024-12-06 07:38:33 --> ErrorException: Undefined array key "images"
[Method: POST, Route: register/create]
in APPPATH\Controllers\RegisterController.php on line 25.
 1 APPPATH\Controllers\RegisterController.php(25): CodeIgniter\Debug\Exceptions->errorHandler(2, 'Undefined array key "images"', 'C:\\xampp\\htdocs\\komal\\Codeigniter\\Regitration\\app\\Controllers\\RegisterController.php', 25)
 2 SYSTEMPATH\CodeIgniter.php(933): App\Controllers\RegisterController->create()
 3 SYSTEMPATH\CodeIgniter.php(509): CodeIgniter\CodeIgniter->runController(Object(App\Controllers\RegisterController))
 4 SYSTEMPATH\CodeIgniter.php(355): CodeIgniter\CodeIgniter->handleRequest(null, Object(Config\Cache), false)
 5 SYSTEMPATH\Boot.php(325): CodeIgniter\CodeIgniter->run()
 6 SYSTEMPATH\Boot.php(67): CodeIgniter\Boot::runCodeIgniter(Object(CodeIgniter\CodeIgniter))
 7 FCPATH\index.php(56): CodeIgniter\Boot::bootWeb(Object(Config\Paths))
 8 SYSTEMPATH\rewrite.php(44): require_once('C:\\xampp\\htdocs\\komal\\Codeigniter\\Regitration\\public\\index.php')
CRITICAL - 2024-12-06 07:40:42 --> ErrorException: Undefined array key "image_name"
[Method: POST, Route: register/create]
in APPPATH\Controllers\RegisterController.php on line 25.
 1 APPPATH\Controllers\RegisterController.php(25): CodeIgniter\Debug\Exceptions->errorHandler(2, 'Undefined array key "image_name"', 'C:\\xampp\\htdocs\\komal\\Codeigniter\\Regitration\\app\\Controllers\\RegisterController.php', 25)
 2 SYSTEMPATH\CodeIgniter.php(933): App\Controllers\RegisterController->create()
 3 SYSTEMPATH\CodeIgniter.php(509): CodeIgniter\CodeIgniter->runController(Object(App\Controllers\RegisterController))
 4 SYSTEMPATH\CodeIgniter.php(355): CodeIgniter\CodeIgniter->handleRequest(null, Object(Config\Cache), false)
 5 SYSTEMPATH\Boot.php(325): CodeIgniter\CodeIgniter->run()
 6 SYSTEMPATH\Boot.php(67): CodeIgniter\Boot::runCodeIgniter(Object(CodeIgniter\CodeIgniter))
 7 FCPATH\index.php(56): CodeIgniter\Boot::bootWeb(Object(Config\Paths))
 8 SYSTEMPATH\rewrite.php(44): require_once('C:\\xampp\\htdocs\\komal\\Codeigniter\\Regitration\\public\\index.php')
CRITICAL - 2024-12-06 07:42:52 --> ErrorException: Undefined array key "image_name"
[Method: POST, Route: register/create]
in APPPATH\Controllers\RegisterController.php on line 25.
 1 APPPATH\Controllers\RegisterController.php(25): CodeIgniter\Debug\Exceptions->errorHandler(2, 'Undefined array key "image_name"', 'C:\\xampp\\htdocs\\komal\\Codeigniter\\Regitration\\app\\Controllers\\RegisterController.php', 25)
 2 SYSTEMPATH\CodeIgniter.php(933): App\Controllers\RegisterController->create()
 3 SYSTEMPATH\CodeIgniter.php(509): CodeIgniter\CodeIgniter->runController(Object(App\Controllers\RegisterController))
 4 SYSTEMPATH\CodeIgniter.php(355): CodeIgniter\CodeIgniter->handleRequest(null, Object(Config\Cache), false)
 5 SYSTEMPATH\Boot.php(325): CodeIgniter\CodeIgniter->run()
 6 SYSTEMPATH\Boot.php(67): CodeIgniter\Boot::runCodeIgniter(Object(CodeIgniter\CodeIgniter))
 7 FCPATH\index.php(56): CodeIgniter\Boot::bootWeb(Object(Config\Paths))
 8 SYSTEMPATH\rewrite.php(44): require_once('C:\\xampp\\htdocs\\komal\\Codeigniter\\Regitration\\public\\index.php')
CRITICAL - 2024-12-06 07:46:50 --> Error: Array callback must have exactly two elements
[Method: POST, Route: register/create]
in APPPATH\Controllers\RegisterController.php on line 25.
 1 SYSTEMPATH\CodeIgniter.php(933): App\Controllers\RegisterController->create()
 2 SYSTEMPATH\CodeIgniter.php(509): CodeIgniter\CodeIgniter->runController(Object(App\Controllers\RegisterController))
 3 SYSTEMPATH\CodeIgniter.php(355): CodeIgniter\CodeIgniter->handleRequest(null, Object(Config\Cache), false)
 4 SYSTEMPATH\Boot.php(325): CodeIgniter\CodeIgniter->run()
 5 SYSTEMPATH\Boot.php(67): CodeIgniter\Boot::runCodeIgniter(Object(CodeIgniter\CodeIgniter))
 6 FCPATH\index.php(56): CodeIgniter\Boot::bootWeb(Object(Config\Paths))
 7 SYSTEMPATH\rewrite.php(44): require_once('C:\\xampp\\htdocs\\komal\\Codeigniter\\Regitration\\public\\index.php')
CRITICAL - 2024-12-06 07:58:12 --> ErrorException: Undefined array key "image_name"
[Method: POST, Route: register/create]
in APPPATH\Controllers\RegisterController.php on line 25.
 1 APPPATH\Controllers\RegisterController.php(25): CodeIgniter\Debug\Exceptions->errorHandler(2, 'Undefined array key "image_name"', 'C:\\xampp\\htdocs\\komal\\Codeigniter\\Regitration\\app\\Controllers\\RegisterController.php', 25)
 2 SYSTEMPATH\CodeIgniter.php(933): App\Controllers\RegisterController->create()
 3 SYSTEMPATH\CodeIgniter.php(509): CodeIgniter\CodeIgniter->runController(Object(App\Controllers\RegisterController))
 4 SYSTEMPATH\CodeIgniter.php(355): CodeIgniter\CodeIgniter->handleRequest(null, Object(Config\Cache), false)
 5 SYSTEMPATH\Boot.php(325): CodeIgniter\CodeIgniter->run()
 6 SYSTEMPATH\Boot.php(67): CodeIgniter\Boot::runCodeIgniter(Object(CodeIgniter\CodeIgniter))
 7 FCPATH\index.php(56): CodeIgniter\Boot::bootWeb(Object(Config\Paths))
 8 SYSTEMPATH\rewrite.php(44): require_once('C:\\xampp\\htdocs\\komal\\Codeigniter\\Regitration\\public\\index.php')
CRITICAL - 2024-12-06 08:14:28 --> ErrorException: Undefined array key "image_name"
[Method: POST, Route: register/create]
in APPPATH\Controllers\RegisterController.php on line 26.
 1 APPPATH\Controllers\RegisterController.php(26): CodeIgniter\Debug\Exceptions->errorHandler(2, 'Undefined array key "image_name"', 'C:\\xampp\\htdocs\\komal\\Codeigniter\\Regitration\\app\\Controllers\\RegisterController.php', 26)
 2 SYSTEMPATH\CodeIgniter.php(933): App\Controllers\RegisterController->create()
 3 SYSTEMPATH\CodeIgniter.php(509): CodeIgniter\CodeIgniter->runController(Object(App\Controllers\RegisterController))
 4 SYSTEMPATH\CodeIgniter.php(355): CodeIgniter\CodeIgniter->handleRequest(null, Object(Config\Cache), false)
 5 SYSTEMPATH\Boot.php(325): CodeIgniter\CodeIgniter->run()
 6 SYSTEMPATH\Boot.php(67): CodeIgniter\Boot::runCodeIgniter(Object(CodeIgniter\CodeIgniter))
 7 FCPATH\index.php(56): CodeIgniter\Boot::bootWeb(Object(Config\Paths))
 8 SYSTEMPATH\rewrite.php(44): require_once('C:\\xampp\\htdocs\\komal\\Codeigniter\\Regitration\\public\\index.php')
CRITICAL - 2024-12-06 08:16:12 --> ErrorException: Undefined array key "images"
[Method: POST, Route: register/create]
in APPPATH\Controllers\RegisterController.php on line 26.
 1 APPPATH\Controllers\RegisterController.php(26): CodeIgniter\Debug\Exceptions->errorHandler(2, 'Undefined array key "images"', 'C:\\xampp\\htdocs\\komal\\Codeigniter\\Regitration\\app\\Controllers\\RegisterController.php', 26)
 2 SYSTEMPATH\CodeIgniter.php(933): App\Controllers\RegisterController->create()
 3 SYSTEMPATH\CodeIgniter.php(509): CodeIgniter\CodeIgniter->runController(Object(App\Controllers\RegisterController))
 4 SYSTEMPATH\CodeIgniter.php(355): CodeIgniter\CodeIgniter->handleRequest(null, Object(Config\Cache), false)
 5 SYSTEMPATH\Boot.php(325): CodeIgniter\CodeIgniter->run()
 6 SYSTEMPATH\Boot.php(67): CodeIgniter\Boot::runCodeIgniter(Object(CodeIgniter\CodeIgniter))
 7 FCPATH\index.php(56): CodeIgniter\Boot::bootWeb(Object(Config\Paths))
 8 SYSTEMPATH\rewrite.php(44): require_once('C:\\xampp\\htdocs\\komal\\Codeigniter\\Regitration\\public\\index.php')
CRITICAL - 2024-12-06 08:18:23 --> ErrorException: Undefined array key "image_name"
[Method: POST, Route: register/create]
in APPPATH\Controllers\RegisterController.php on line 26.
 1 APPPATH\Controllers\RegisterController.php(26): CodeIgniter\Debug\Exceptions->errorHandler(2, 'Undefined array key "image_name"', 'C:\\xampp\\htdocs\\komal\\Codeigniter\\Regitration\\app\\Controllers\\RegisterController.php', 26)
 2 SYSTEMPATH\CodeIgniter.php(933): App\Controllers\RegisterController->create()
 3 SYSTEMPATH\CodeIgniter.php(509): CodeIgniter\CodeIgniter->runController(Object(App\Controllers\RegisterController))
 4 SYSTEMPATH\CodeIgniter.php(355): CodeIgniter\CodeIgniter->handleRequest(null, Object(Config\Cache), false)
 5 SYSTEMPATH\Boot.php(325): CodeIgniter\CodeIgniter->run()
 6 SYSTEMPATH\Boot.php(67): CodeIgniter\Boot::runCodeIgniter(Object(CodeIgniter\CodeIgniter))
 7 FCPATH\index.php(56): CodeIgniter\Boot::bootWeb(Object(Config\Paths))
 8 SYSTEMPATH\rewrite.php(44): require_once('C:\\xampp\\htdocs\\komal\\Codeigniter\\Regitration\\public\\index.php')
CRITICAL - 2024-12-06 08:19:47 --> ErrorException: Undefined array key "images"
[Method: POST, Route: register/create]
in APPPATH\Controllers\RegisterController.php on line 26.
 1 APPPATH\Controllers\RegisterController.php(26): CodeIgniter\Debug\Exceptions->errorHandler(2, 'Undefined array key "images"', 'C:\\xampp\\htdocs\\komal\\Codeigniter\\Regitration\\app\\Controllers\\RegisterController.php', 26)
 2 SYSTEMPATH\CodeIgniter.php(933): App\Controllers\RegisterController->create()
 3 SYSTEMPATH\CodeIgniter.php(509): CodeIgniter\CodeIgniter->runController(Object(App\Controllers\RegisterController))
 4 SYSTEMPATH\CodeIgniter.php(355): CodeIgniter\CodeIgniter->handleRequest(null, Object(Config\Cache), false)
 5 SYSTEMPATH\Boot.php(325): CodeIgniter\CodeIgniter->run()
 6 SYSTEMPATH\Boot.php(67): CodeIgniter\Boot::runCodeIgniter(Object(CodeIgniter\CodeIgniter))
 7 FCPATH\index.php(56): CodeIgniter\Boot::bootWeb(Object(Config\Paths))
 8 SYSTEMPATH\rewrite.php(44): require_once('C:\\xampp\\htdocs\\komal\\Codeigniter\\Regitration\\public\\index.php')
CRITICAL - 2024-12-06 08:21:36 --> ErrorException: Undefined array key "images"
[Method: POST, Route: register/create]
in APPPATH\Controllers\RegisterController.php on line 26.
 1 APPPATH\Controllers\RegisterController.php(26): CodeIgniter\Debug\Exceptions->errorHandler(2, 'Undefined array key "images"', 'C:\\xampp\\htdocs\\komal\\Codeigniter\\Regitration\\app\\Controllers\\RegisterController.php', 26)
 2 SYSTEMPATH\CodeIgniter.php(933): App\Controllers\RegisterController->create()
 3 SYSTEMPATH\CodeIgniter.php(509): CodeIgniter\CodeIgniter->runController(Object(App\Controllers\RegisterController))
 4 SYSTEMPATH\CodeIgniter.php(355): CodeIgniter\CodeIgniter->handleRequest(null, Object(Config\Cache), false)
 5 SYSTEMPATH\Boot.php(325): CodeIgniter\CodeIgniter->run()
 6 SYSTEMPATH\Boot.php(67): CodeIgniter\Boot::runCodeIgniter(Object(CodeIgniter\CodeIgniter))
 7 FCPATH\index.php(56): CodeIgniter\Boot::bootWeb(Object(Config\Paths))
 8 SYSTEMPATH\rewrite.php(44): require_once('C:\\xampp\\htdocs\\komal\\Codeigniter\\Regitration\\public\\index.php')
CRITICAL - 2024-12-06 08:23:09 --> ErrorException: Undefined array key "images"
[Method: POST, Route: register/create]
in APPPATH\Controllers\RegisterController.php on line 26.
 1 APPPATH\Controllers\RegisterController.php(26): CodeIgniter\Debug\Exceptions->errorHandler(2, 'Undefined array key "images"', 'C:\\xampp\\htdocs\\komal\\Codeigniter\\Regitration\\app\\Controllers\\RegisterController.php', 26)
 2 SYSTEMPATH\CodeIgniter.php(933): App\Controllers\RegisterController->create()
 3 SYSTEMPATH\CodeIgniter.php(509): CodeIgniter\CodeIgniter->runController(Object(App\Controllers\RegisterController))
 4 SYSTEMPATH\CodeIgniter.php(355): CodeIgniter\CodeIgniter->handleRequest(null, Object(Config\Cache), false)
 5 SYSTEMPATH\Boot.php(325): CodeIgniter\CodeIgniter->run()
 6 SYSTEMPATH\Boot.php(67): CodeIgniter\Boot::runCodeIgniter(Object(CodeIgniter\CodeIgniter))
 7 FCPATH\index.php(56): CodeIgniter\Boot::bootWeb(Object(Config\Paths))
 8 SYSTEMPATH\rewrite.php(44): require_once('C:\\xampp\\htdocs\\komal\\Codeigniter\\Regitration\\public\\index.php')
CRITICAL - 2024-12-06 08:28:05 --> ErrorException: Undefined array key "images"
[Method: POST, Route: register/create]
in APPPATH\Controllers\RegisterController.php on line 24.
 1 APPPATH\Controllers\RegisterController.php(24): CodeIgniter\Debug\Exceptions->errorHandler(2, 'Undefined array key "images"', 'C:\\xampp\\htdocs\\komal\\Codeigniter\\Regitration\\app\\Controllers\\RegisterController.php', 24)
 2 SYSTEMPATH\CodeIgniter.php(933): App\Controllers\RegisterController->create()
 3 SYSTEMPATH\CodeIgniter.php(509): CodeIgniter\CodeIgniter->runController(Object(App\Controllers\RegisterController))
 4 SYSTEMPATH\CodeIgniter.php(355): CodeIgniter\CodeIgniter->handleRequest(null, Object(Config\Cache), false)
 5 SYSTEMPATH\Boot.php(325): CodeIgniter\CodeIgniter->run()
 6 SYSTEMPATH\Boot.php(67): CodeIgniter\Boot::runCodeIgniter(Object(CodeIgniter\CodeIgniter))
 7 FCPATH\index.php(56): CodeIgniter\Boot::bootWeb(Object(Config\Paths))
 8 SYSTEMPATH\rewrite.php(44): require_once('C:\\xampp\\htdocs\\komal\\Codeigniter\\Regitration\\public\\index.php')
CRITICAL - 2024-12-06 08:29:19 --> ErrorException: Undefined array key "image_name"
[Method: POST, Route: register/create]
in APPPATH\Controllers\RegisterController.php on line 24.
 1 APPPATH\Controllers\RegisterController.php(24): CodeIgniter\Debug\Exceptions->errorHandler(2, 'Undefined array key "image_name"', 'C:\\xampp\\htdocs\\komal\\Codeigniter\\Regitration\\app\\Controllers\\RegisterController.php', 24)
 2 SYSTEMPATH\CodeIgniter.php(933): App\Controllers\RegisterController->create()
 3 SYSTEMPATH\CodeIgniter.php(509): CodeIgniter\CodeIgniter->runController(Object(App\Controllers\RegisterController))
 4 SYSTEMPATH\CodeIgniter.php(355): CodeIgniter\CodeIgniter->handleRequest(null, Object(Config\Cache), false)
 5 SYSTEMPATH\Boot.php(325): CodeIgniter\CodeIgniter->run()
 6 SYSTEMPATH\Boot.php(67): CodeIgniter\Boot::runCodeIgniter(Object(CodeIgniter\CodeIgniter))
 7 FCPATH\index.php(56): CodeIgniter\Boot::bootWeb(Object(Config\Paths))
 8 SYSTEMPATH\rewrite.php(44): require_once('C:\\xampp\\htdocs\\komal\\Codeigniter\\Regitration\\public\\index.php')
INFO - 2024-12-06 10:44:38 --> Session: Class initialized using 'CodeIgniter\Session\Handlers\FileHandler' driver.
CRITICAL - 2024-12-06 10:44:38 --> ErrorException: Undefined array key "username"
[Method: POST, Route: createlogin]
in APPPATH\Controllers\RegisterController.php on line 87.
 1 APPPATH\Controllers\RegisterController.php(87): CodeIgniter\Debug\Exceptions->errorHandler(2, 'Undefined array key "username"', 'C:\\xampp\\htdocs\\komal\\Codeigniter\\Regitration\\app\\Controllers\\RegisterController.php', 87)
 2 SYSTEMPATH\CodeIgniter.php(933): App\Controllers\RegisterController->createlogin()
 3 SYSTEMPATH\CodeIgniter.php(509): CodeIgniter\CodeIgniter->runController(Object(App\Controllers\RegisterController))
 4 SYSTEMPATH\CodeIgniter.php(355): CodeIgniter\CodeIgniter->handleRequest(null, Object(Config\Cache), false)
 5 SYSTEMPATH\Boot.php(325): CodeIgniter\CodeIgniter->run()
 6 SYSTEMPATH\Boot.php(67): CodeIgniter\Boot::runCodeIgniter(Object(CodeIgniter\CodeIgniter))
 7 FCPATH\index.php(56): CodeIgniter\Boot::bootWeb(Object(Config\Paths))
 8 SYSTEMPATH\rewrite.php(44): require_once('C:\\xampp\\htdocs\\komal\\Codeigniter\\Regitration\\public\\index.php')
INFO - 2024-12-06 10:45:44 --> Session: Class initialized using 'CodeIgniter\Session\Handlers\FileHandler' driver.
CRITICAL - 2024-12-06 10:45:44 --> Error: Call to undefined function App\Controllers\set_cookie()
[Method: POST, Route: createlogin]
in APPPATH\Controllers\RegisterController.php on line 92.
 1 SYSTEMPATH\CodeIgniter.php(933): App\Controllers\RegisterController->createlogin()
 2 SYSTEMPATH\CodeIgniter.php(509): CodeIgniter\CodeIgniter->runController(Object(App\Controllers\RegisterController))
 3 SYSTEMPATH\CodeIgniter.php(355): CodeIgniter\CodeIgniter->handleRequest(null, Object(Config\Cache), false)
 4 SYSTEMPATH\Boot.php(325): CodeIgniter\CodeIgniter->run()
 5 SYSTEMPATH\Boot.php(67): CodeIgniter\Boot::runCodeIgniter(Object(CodeIgniter\CodeIgniter))
 6 FCPATH\index.php(56): CodeIgniter\Boot::bootWeb(Object(Config\Paths))
 7 SYSTEMPATH\rewrite.php(44): require_once('C:\\xampp\\htdocs\\komal\\Codeigniter\\Regitration\\public\\index.php')
INFO - 2024-12-06 10:48:27 --> Session: Class initialized using 'CodeIgniter\Session\Handlers\FileHandler' driver.
CRITICAL - 2024-12-06 10:48:27 --> Error: Call to undefined function App\Controllers\set_cookie()
[Method: POST, Route: createlogin]
in APPPATH\Controllers\RegisterController.php on line 92.
 1 SYSTEMPATH\CodeIgniter.php(933): App\Controllers\RegisterController->createlogin()
 2 SYSTEMPATH\CodeIgniter.php(509): CodeIgniter\CodeIgniter->runController(Object(App\Controllers\RegisterController))
 3 SYSTEMPATH\CodeIgniter.php(355): CodeIgniter\CodeIgniter->handleRequest(null, Object(Config\Cache), false)
 4 SYSTEMPATH\Boot.php(325): CodeIgniter\CodeIgniter->run()
 5 SYSTEMPATH\Boot.php(67): CodeIgniter\Boot::runCodeIgniter(Object(CodeIgniter\CodeIgniter))
 6 FCPATH\index.php(56): CodeIgniter\Boot::bootWeb(Object(Config\Paths))
 7 SYSTEMPATH\rewrite.php(44): require_once('C:\\xampp\\htdocs\\komal\\Codeigniter\\Regitration\\public\\index.php')
INFO - 2024-12-06 11:02:01 --> Session: Class initialized using 'CodeIgniter\Session\Handlers\FileHandler' driver.
CRITICAL - 2024-12-06 11:02:01 --> Error: Call to undefined function App\Controllers\set_cookie()
[Method: POST, Route: createlogin]
in APPPATH\Controllers\RegisterController.php on line 91.
 1 SYSTEMPATH\CodeIgniter.php(933): App\Controllers\RegisterController->createlogin()
 2 SYSTEMPATH\CodeIgniter.php(509): CodeIgniter\CodeIgniter->runController(Object(App\Controllers\RegisterController))
 3 SYSTEMPATH\CodeIgniter.php(355): CodeIgniter\CodeIgniter->handleRequest(null, Object(Config\Cache), false)
 4 SYSTEMPATH\Boot.php(325): CodeIgniter\CodeIgniter->run()
 5 SYSTEMPATH\Boot.php(67): CodeIgniter\Boot::runCodeIgniter(Object(CodeIgniter\CodeIgniter))
 6 FCPATH\index.php(56): CodeIgniter\Boot::bootWeb(Object(Config\Paths))
 7 SYSTEMPATH\rewrite.php(44): require_once('C:\\xampp\\htdocs\\komal\\Codeigniter\\Regitration\\public\\index.php')
INFO - 2024-12-06 11:02:28 --> Session: Class initialized using 'CodeIgniter\Session\Handlers\FileHandler' driver.
CRITICAL - 2024-12-06 11:02:28 --> Error: Call to undefined function App\Controllers\set_cookie()
[Method: POST, Route: createlogin]
in APPPATH\Controllers\RegisterController.php on line 91.
 1 SYSTEMPATH\CodeIgniter.php(933): App\Controllers\RegisterController->createlogin()
 2 SYSTEMPATH\CodeIgniter.php(509): CodeIgniter\CodeIgniter->runController(Object(App\Controllers\RegisterController))
 3 SYSTEMPATH\CodeIgniter.php(355): CodeIgniter\CodeIgniter->handleRequest(null, Object(Config\Cache), false)
 4 SYSTEMPATH\Boot.php(325): CodeIgniter\CodeIgniter->run()
 5 SYSTEMPATH\Boot.php(67): CodeIgniter\Boot::runCodeIgniter(Object(CodeIgniter\CodeIgniter))
 6 FCPATH\index.php(56): CodeIgniter\Boot::bootWeb(Object(Config\Paths))
 7 SYSTEMPATH\rewrite.php(44): require_once('C:\\xampp\\htdocs\\komal\\Codeigniter\\Regitration\\public\\index.php')
INFO - 2024-12-06 11:03:38 --> Session: Class initialized using 'CodeIgniter\Session\Handlers\FileHandler' driver.
CRITICAL - 2024-12-06 11:03:38 --> Error: Call to undefined function App\Controllers\set_cookie()
[Method: POST, Route: createlogin]
in APPPATH\Controllers\RegisterController.php on line 91.
 1 SYSTEMPATH\CodeIgniter.php(933): App\Controllers\RegisterController->createlogin()
 2 SYSTEMPATH\CodeIgniter.php(509): CodeIgniter\CodeIgniter->runController(Object(App\Controllers\RegisterController))
 3 SYSTEMPATH\CodeIgniter.php(355): CodeIgniter\CodeIgniter->handleRequest(null, Object(Config\Cache), false)
 4 SYSTEMPATH\Boot.php(325): CodeIgniter\CodeIgniter->run()
 5 SYSTEMPATH\Boot.php(67): CodeIgniter\Boot::runCodeIgniter(Object(CodeIgniter\CodeIgniter))
 6 FCPATH\index.php(56): CodeIgniter\Boot::bootWeb(Object(Config\Paths))
 7 SYSTEMPATH\rewrite.php(44): require_once('C:\\xampp\\htdocs\\komal\\Codeigniter\\Regitration\\public\\index.php')
INFO - 2024-12-06 11:04:04 --> Session: Class initialized using 'CodeIgniter\Session\Handlers\FileHandler' driver.
CRITICAL - 2024-12-06 11:04:04 --> Error: Call to undefined function App\Controllers\set_cookie()
[Method: POST, Route: createlogin]
in APPPATH\Controllers\RegisterController.php on line 91.
 1 SYSTEMPATH\CodeIgniter.php(933): App\Controllers\RegisterController->createlogin()
 2 SYSTEMPATH\CodeIgniter.php(509): CodeIgniter\CodeIgniter->runController(Object(App\Controllers\RegisterController))
 3 SYSTEMPATH\CodeIgniter.php(355): CodeIgniter\CodeIgniter->handleRequest(null, Object(Config\Cache), false)
 4 SYSTEMPATH\Boot.php(325): CodeIgniter\CodeIgniter->run()
 5 SYSTEMPATH\Boot.php(67): CodeIgniter\Boot::runCodeIgniter(Object(CodeIgniter\CodeIgniter))
 6 FCPATH\index.php(56): CodeIgniter\Boot::bootWeb(Object(Config\Paths))
 7 SYSTEMPATH\rewrite.php(44): require_once('C:\\xampp\\htdocs\\komal\\Codeigniter\\Regitration\\public\\index.php')
INFO - 2024-12-06 11:05:05 --> Session: Class initialized using 'CodeIgniter\Session\Handlers\FileHandler' driver.
CRITICAL - 2024-12-06 11:05:05 --> Error: Call to undefined function App\Controllers\set_cookie()
[Method: POST, Route: createlogin]
in APPPATH\Controllers\RegisterController.php on line 91.
 1 SYSTEMPATH\CodeIgniter.php(933): App\Controllers\RegisterController->createlogin()
 2 SYSTEMPATH\CodeIgniter.php(509): CodeIgniter\CodeIgniter->runController(Object(App\Controllers\RegisterController))
 3 SYSTEMPATH\CodeIgniter.php(355): CodeIgniter\CodeIgniter->handleRequest(null, Object(Config\Cache), false)
 4 SYSTEMPATH\Boot.php(325): CodeIgniter\CodeIgniter->run()
 5 SYSTEMPATH\Boot.php(67): CodeIgniter\Boot::runCodeIgniter(Object(CodeIgniter\CodeIgniter))
 6 FCPATH\index.php(56): CodeIgniter\Boot::bootWeb(Object(Config\Paths))
 7 SYSTEMPATH\rewrite.php(44): require_once('C:\\xampp\\htdocs\\komal\\Codeigniter\\Regitration\\public\\index.php')
INFO - 2024-12-06 11:06:47 --> Session: Class initialized using 'CodeIgniter\Session\Handlers\FileHandler' driver.
INFO - 2024-12-06 11:07:14 --> Session: Class initialized using 'CodeIgniter\Session\Handlers\FileHandler' driver.
INFO - 2024-12-06 11:11:08 --> Session: Class initialized using 'CodeIgniter\Session\Handlers\FileHandler' driver.
INFO - 2024-12-06 11:15:56 --> Session: Class initialized using 'CodeIgniter\Session\Handlers\FileHandler' driver.
INFO - 2024-12-06 11:16:30 --> Session: Class initialized using 'CodeIgniter\Session\Handlers\FileHandler' driver.
INFO - 2024-12-06 11:34:07 --> Session: Class initialized using 'CodeIgniter\Session\Handlers\FileHandler' driver.
INFO - 2024-12-06 12:07:34 --> Session: Class initialized using 'CodeIgniter\Session\Handlers\FileHandler' driver.
INFO - 2024-12-06 12:08:36 --> Session: Class initialized using 'CodeIgniter\Session\Handlers\FileHandler' driver.
INFO - 2024-12-06 12:39:02 --> Session: Class initialized using 'CodeIgniter\Session\Handlers\FileHandler' driver.
INFO - 2024-12-06 12:39:25 --> Session: Class initialized using 'CodeIgniter\Session\Handlers\FileHandler' driver.
INFO - 2024-12-06 12:45:20 --> Session: Class initialized using 'CodeIgniter\Session\Handlers\FileHandler' driver.
INFO - 2024-12-06 12:46:03 --> Session: Class initialized using 'CodeIgniter\Session\Handlers\FileHandler' driver.
INFO - 2024-12-06 12:49:56 --> Session: Class initialized using 'CodeIgniter\Session\Handlers\FileHandler' driver.
INFO - 2024-12-06 12:50:46 --> Session: Class initialized using 'CodeIgniter\Session\Handlers\FileHandler' driver.
INFO - 2024-12-06 12:51:13 --> Session: Class initialized using 'CodeIgniter\Session\Handlers\FileHandler' driver.
INFO - 2024-12-06 12:53:20 --> Session: Class initialized using 'CodeIgniter\Session\Handlers\FileHandler' driver.
INFO - 2024-12-06 12:53:22 --> Session: Class initialized using 'CodeIgniter\Session\Handlers\FileHandler' driver.
INFO - 2024-12-06 12:53:43 --> Session: Class initialized using 'CodeIgniter\Session\Handlers\FileHandler' driver.
INFO - 2024-12-06 12:53:44 --> Session: Class initialized using 'CodeIgniter\Session\Handlers\FileHandler' driver.
INFO - 2024-12-06 12:54:39 --> Session: Class initialized using 'CodeIgniter\Session\Handlers\FileHandler' driver.
INFO - 2024-12-06 12:54:40 --> Session: Class initialized using 'CodeIgniter\Session\Handlers\FileHandler' driver.
INFO - 2024-12-06 12:55:16 --> Session: Class initialized using 'CodeIgniter\Session\Handlers\FileHandler' driver.
CRITICAL - 2024-12-06 12:55:16 --> Error: Call to undefined method CodeIgniter\Session\Session::destory()
[Method: GET, Route: logout]
in APPPATH\Controllers\RegisterController.php on line 126.
 1 SYSTEMPATH\CodeIgniter.php(933): App\Controllers\RegisterController->logout()
 2 SYSTEMPATH\CodeIgniter.php(509): CodeIgniter\CodeIgniter->runController(Object(App\Controllers\RegisterController))
 3 SYSTEMPATH\CodeIgniter.php(355): CodeIgniter\CodeIgniter->handleRequest(null, Object(Config\Cache), false)
 4 SYSTEMPATH\Boot.php(325): CodeIgniter\CodeIgniter->run()
 5 SYSTEMPATH\Boot.php(67): CodeIgniter\Boot::runCodeIgniter(Object(CodeIgniter\CodeIgniter))
 6 FCPATH\index.php(56): CodeIgniter\Boot::bootWeb(Object(Config\Paths))
 7 SYSTEMPATH\rewrite.php(44): require_once('C:\\xampp\\htdocs\\komal\\Codeigniter\\Regitration\\public\\index.php')
INFO - 2024-12-06 12:55:32 --> Session: Class initialized using 'CodeIgniter\Session\Handlers\FileHandler' driver.
CRITICAL - 2024-12-06 12:55:32 --> Error: Call to undefined method CodeIgniter\Session\Session::destory()
[Method: GET, Route: logout]
in APPPATH\Controllers\RegisterController.php on line 126.
 1 SYSTEMPATH\CodeIgniter.php(933): App\Controllers\RegisterController->logout()
 2 SYSTEMPATH\CodeIgniter.php(509): CodeIgniter\CodeIgniter->runController(Object(App\Controllers\RegisterController))
 3 SYSTEMPATH\CodeIgniter.php(355): CodeIgniter\CodeIgniter->handleRequest(null, Object(Config\Cache), false)
 4 SYSTEMPATH\Boot.php(325): CodeIgniter\CodeIgniter->run()
 5 SYSTEMPATH\Boot.php(67): CodeIgniter\Boot::runCodeIgniter(Object(CodeIgniter\CodeIgniter))
 6 FCPATH\index.php(56): CodeIgniter\Boot::bootWeb(Object(Config\Paths))
 7 SYSTEMPATH\rewrite.php(44): require_once('C:\\xampp\\htdocs\\komal\\Codeigniter\\Regitration\\public\\index.php')
INFO - 2024-12-06 12:56:06 --> Session: Class initialized using 'CodeIgniter\Session\Handlers\FileHandler' driver.
CRITICAL - 2024-12-06 12:56:06 --> Error: Call to undefined method CodeIgniter\Session\Session::destory()
[Method: GET, Route: logout]
in APPPATH\Controllers\RegisterController.php on line 126.
 1 SYSTEMPATH\CodeIgniter.php(933): App\Controllers\RegisterController->logout()
 2 SYSTEMPATH\CodeIgniter.php(509): CodeIgniter\CodeIgniter->runController(Object(App\Controllers\RegisterController))
 3 SYSTEMPATH\CodeIgniter.php(355): CodeIgniter\CodeIgniter->handleRequest(null, Object(Config\Cache), false)
 4 SYSTEMPATH\Boot.php(325): CodeIgniter\CodeIgniter->run()
 5 SYSTEMPATH\Boot.php(67): CodeIgniter\Boot::runCodeIgniter(Object(CodeIgniter\CodeIgniter))
 6 FCPATH\index.php(56): CodeIgniter\Boot::bootWeb(Object(Config\Paths))
 7 SYSTEMPATH\rewrite.php(44): require_once('C:\\xampp\\htdocs\\komal\\Codeigniter\\Regitration\\public\\index.php')
INFO - 2024-12-06 12:56:16 --> Session: Class initialized using 'CodeIgniter\Session\Handlers\FileHandler' driver.
CRITICAL - 2024-12-06 12:56:16 --> Error: Call to undefined method CodeIgniter\Session\Session::destory()
[Method: GET, Route: logout]
in APPPATH\Controllers\RegisterController.php on line 126.
 1 SYSTEMPATH\CodeIgniter.php(933): App\Controllers\RegisterController->logout()
 2 SYSTEMPATH\CodeIgniter.php(509): CodeIgniter\CodeIgniter->runController(Object(App\Controllers\RegisterController))
 3 SYSTEMPATH\CodeIgniter.php(355): CodeIgniter\CodeIgniter->handleRequest(null, Object(Config\Cache), false)
 4 SYSTEMPATH\Boot.php(325): CodeIgniter\CodeIgniter->run()
 5 SYSTEMPATH\Boot.php(67): CodeIgniter\Boot::runCodeIgniter(Object(CodeIgniter\CodeIgniter))
 6 FCPATH\index.php(56): CodeIgniter\Boot::bootWeb(Object(Config\Paths))
 7 SYSTEMPATH\rewrite.php(44): require_once('C:\\xampp\\htdocs\\komal\\Codeigniter\\Regitration\\public\\index.php')
INFO - 2024-12-06 12:58:11 --> Session: Class initialized using 'CodeIgniter\Session\Handlers\FileHandler' driver.
INFO - 2024-12-06 12:58:21 --> Session: Class initialized using 'CodeIgniter\Session\Handlers\FileHandler' driver.
INFO - 2024-12-06 12:58:43 --> Session: Class initialized using 'CodeIgniter\Session\Handlers\FileHandler' driver.
INFO - 2024-12-06 12:58:43 --> Session: Class initialized using 'CodeIgniter\Session\Handlers\FileHandler' driver.
INFO - 2024-12-06 12:58:47 --> Session: Class initialized using 'CodeIgniter\Session\Handlers\FileHandler' driver.
INFO - 2024-12-06 12:59:13 --> Session: Class initialized using 'CodeIgniter\Session\Handlers\FileHandler' driver.
INFO - 2024-12-06 13:00:21 --> Session: Class initialized using 'CodeIgniter\Session\Handlers\FileHandler' driver.
INFO - 2024-12-06 13:00:22 --> Session: Class initialized using 'CodeIgniter\Session\Handlers\FileHandler' driver.
INFO - 2024-12-06 13:00:27 --> Session: Class initialized using 'CodeIgniter\Session\Handlers\FileHandler' driver.
